0 info it worked if it ends with ok
1 verbose cli [ 'D:\\Tools\\nodejs\\node.exe',
1 verbose cli   'D:\\Tools\\nodejs\\node_modules\\npm\\bin\\npm-cli.js',
1 verbose cli   'install',
1 verbose cli   'grunt-contrib-px2rem',
1 verbose cli   '--save-dev' ]
2 info using npm@2.14.7
3 info using node@v4.2.3
4 verbose install initial load of D:\pelicanWorkspace\grunt_proj\package.json
5 warn package.json grunt_proj@1.0.0 No description
6 warn package.json grunt_proj@1.0.0 No repository field.
7 warn package.json grunt_proj@1.0.0 No README data
8 warn package.json grunt_proj@1.0.0 No license field.
9 verbose installManyTop reading scoped package data from D:\pelicanWorkspace\grunt_proj\node_modules\grunt\package.json
10 verbose installManyTop reading scoped package data from D:\pelicanWorkspace\grunt_proj\node_modules\grunt-contrib-clean\package.json
11 verbose installManyTop reading scoped package data from D:\pelicanWorkspace\grunt_proj\node_modules\grunt-contrib-compress\package.json
12 verbose installManyTop reading scoped package data from D:\pelicanWorkspace\grunt_proj\node_modules\grunt-contrib-concat\package.json
13 verbose installManyTop reading scoped package data from D:\pelicanWorkspace\grunt_proj\node_modules\grunt-contrib-copy\package.json
14 verbose installManyTop reading scoped package data from D:\pelicanWorkspace\grunt_proj\node_modules\grunt-contrib-cssmin\package.json
15 verbose installManyTop reading scoped package data from D:\pelicanWorkspace\grunt_proj\node_modules\grunt-contrib-imagemin\package.json
16 verbose installManyTop reading scoped package data from D:\pelicanWorkspace\grunt_proj\node_modules\grunt-contrib-jshint\package.json
17 verbose installManyTop reading scoped package data from D:\pelicanWorkspace\grunt_proj\node_modules\grunt-contrib-px2rem\package.json
18 verbose installManyTop reading scoped package data from D:\pelicanWorkspace\grunt_proj\node_modules\grunt-contrib-uglify\package.json
19 verbose installManyTop reading scoped package data from D:\pelicanWorkspace\grunt_proj\node_modules\grunt-contrib-watch\package.json
20 info package.json grunt-contrib-px2rem@0.2.8 No repository field.
21 info package.json grunt-contrib-px2rem@0.2.8 No license field.
22 verbose readDependencies loading dependencies from D:\pelicanWorkspace\grunt_proj\package.json
23 verbose install grunt-contrib-px2rem is installed as 0.2.8
24 silly cache add args [ 'grunt-contrib-px2rem', null ]
25 verbose cache add spec grunt-contrib-px2rem
26 silly cache add parsed spec Result {
26 silly cache add   raw: 'grunt-contrib-px2rem',
26 silly cache add   scope: null,
26 silly cache add   name: 'grunt-contrib-px2rem',
26 silly cache add   rawSpec: '',
26 silly cache add   spec: '*',
26 silly cache add   type: 'range' }
27 silly addNamed grunt-contrib-px2rem@*
28 verbose addNamed "*" is a valid semver range for grunt-contrib-px2rem
29 silly addNameRange { name: 'grunt-contrib-px2rem', range: '*', hasData: false }
30 silly mapToRegistry name grunt-contrib-px2rem
31 silly mapToRegistry using default registry
32 silly mapToRegistry registry https://registry.npmjs.org/
33 silly mapToRegistry uri https://registry.npmjs.org/grunt-contrib-px2rem
34 verbose addNameRange registry:https://registry.npmjs.org/grunt-contrib-px2rem not in flight; fetching
35 verbose request uri https://registry.npmjs.org/grunt-contrib-px2rem
36 verbose request no auth needed
37 info attempt registry request try #1 at 14:35:29
38 verbose request id b1cba4d76c54f504
39 verbose etag "DV7JH08ATMPR0WYU7MXUAKTDM"
40 http request GET https://registry.npmjs.org/grunt-contrib-px2rem
41 http 304 https://registry.npmjs.org/grunt-contrib-px2rem
42 verbose headers { date: 'Fri, 22 Jul 2016 06:35:14 GMT',
42 verbose headers   via: '1.1 varnish',
42 verbose headers   'cache-control': 'max-age=300',
42 verbose headers   etag: '"DV7JH08ATMPR0WYU7MXUAKTDM"',
42 verbose headers   age: '0',
42 verbose headers   connection: 'keep-alive',
42 verbose headers   'x-served-by': 'cache-ams4128-AMS',
42 verbose headers   'x-cache': 'MISS',
42 verbose headers   'x-cache-hits': '0',
42 verbose headers   'x-timer': 'S1469169314.434992,VS0,VE368',
42 verbose headers   vary: 'Accept-Encoding' }
43 silly get cb [ 304,
43 silly get   { date: 'Fri, 22 Jul 2016 06:35:14 GMT',
43 silly get     via: '1.1 varnish',
43 silly get     'cache-control': 'max-age=300',
43 silly get     etag: '"DV7JH08ATMPR0WYU7MXUAKTDM"',
43 silly get     age: '0',
43 silly get     connection: 'keep-alive',
43 silly get     'x-served-by': 'cache-ams4128-AMS',
43 silly get     'x-cache': 'MISS',
43 silly get     'x-cache-hits': '0',
43 silly get     'x-timer': 'S1469169314.434992,VS0,VE368',
43 silly get     vary: 'Accept-Encoding' } ]
44 verbose etag https://registry.npmjs.org/grunt-contrib-px2rem from cache
45 verbose get saving grunt-contrib-px2rem to C:\Users\Administrator\AppData\Roaming\npm-cache\registry.npmjs.org\grunt-contrib-px2rem\.cache.json
46 silly addNameRange number 2 { name: 'grunt-contrib-px2rem', range: '*', hasData: true }
47 silly addNameRange versions [ 'grunt-contrib-px2rem',
47 silly addNameRange   [ '0.1.0',
47 silly addNameRange     '0.1.1',
47 silly addNameRange     '0.1.2',
47 silly addNameRange     '0.1.3',
47 silly addNameRange     '0.1.4',
47 silly addNameRange     '0.1.5',
47 silly addNameRange     '0.1.6',
47 silly addNameRange     '0.1.7',
47 silly addNameRange     '0.2.0',
47 silly addNameRange     '0.2.1',
47 silly addNameRange     '0.2.2',
47 silly addNameRange     '0.2.3',
47 silly addNameRange     '0.2.4',
47 silly addNameRange     '0.2.5',
47 silly addNameRange     '0.2.6',
47 silly addNameRange     '0.2.7',
47 silly addNameRange     '0.2.8' ] ]
48 silly addNamed grunt-contrib-px2rem@0.2.8
49 verbose addNamed "0.2.8" is a plain semver version for grunt-contrib-px2rem
50 silly cache afterAdd grunt-contrib-px2rem@0.2.8
51 verbose afterAdd C:\Users\Administrator\AppData\Roaming\npm-cache\grunt-contrib-px2rem\0.2.8\package\package.json not in flight; writing
52 verbose afterAdd C:\Users\Administrator\AppData\Roaming\npm-cache\grunt-contrib-px2rem\0.2.8\package\package.json written
53 silly install resolved [ { name: 'grunt-contrib-px2rem',
53 silly install resolved     description: 'Automatically converts px to rem and makes websites responsive instantly.',
53 silly install resolved     version: '0.2.8',
53 silly install resolved     homepage: 'https://vielhuber.de',
53 silly install resolved     author: { name: 'vielhuber' },
53 silly install resolved     devDependencies:
53 silly install resolved      { grunt: '~0.4.5',
53 silly install resolved        'grunt-contrib-cssmin': '^0.14.0',
53 silly install resolved        'grunt-contrib-nodeunit': '^0.3.3' },
53 silly install resolved     peerDependencies: { grunt: '~0.4.5' },
53 silly install resolved     keywords: [ 'gruntplugin' ],
53 silly install resolved     gitHead: '5432279f9eb36224a405bdbf82b59d871d30f06a',
53 silly install resolved     _id: 'grunt-contrib-px2rem@0.2.8',
53 silly install resolved     scripts: {},
53 silly install resolved     _shasum: 'c428b5ebe05fff97241076458ea898376a16e27b',
53 silly install resolved     _from: 'grunt-contrib-px2rem@*',
53 silly install resolved     _npmVersion: '3.8.6',
53 silly install resolved     _nodeVersion: '5.10.1',
53 silly install resolved     _npmUser: { name: 'vielhuber', email: 'david@vielhuber.de' },
53 silly install resolved     dist:
53 silly install resolved      { shasum: 'c428b5ebe05fff97241076458ea898376a16e27b',
53 silly install resolved        tarball: 'https://registry.npmjs.org/grunt-contrib-px2rem/-/grunt-contrib-px2rem-0.2.8.tgz' },
53 silly install resolved     maintainers: [ [Object] ],
53 silly install resolved     _npmOperationalInternal:
53 silly install resolved      { host: 'packages-12-west.internal.npmjs.com',
53 silly install resolved        tmp: 'tmp/grunt-contrib-px2rem-0.2.8.tgz_1466369510991_0.28542168950662017' },
53 silly install resolved     directories: {},
53 silly install resolved     _resolved: 'https://registry.npmjs.org/grunt-contrib-px2rem/-/grunt-contrib-px2rem-0.2.8.tgz',
53 silly install resolved     readme: 'ERROR: No README data found!' } ]
54 info install grunt-contrib-px2rem@0.2.8 into D:\pelicanWorkspace\grunt_proj
55 info installOne grunt-contrib-px2rem@0.2.8
56 verbose installOne of grunt-contrib-px2rem to D:\pelicanWorkspace\grunt_proj not in flight; installing
57 verbose lock using C:\Users\Administrator\AppData\Roaming\npm-cache\_locks\grunt-contrib-px2rem-870a2875542fc4e3.lock for D:\pelicanWorkspace\grunt_proj\node_modules\grunt-contrib-px2rem
58 silly install write writing grunt-contrib-px2rem 0.2.8 to D:\pelicanWorkspace\grunt_proj\node_modules\grunt-contrib-px2rem
59 verbose unbuild node_modules\grunt-contrib-px2rem
60 info preuninstall grunt-contrib-px2rem@0.2.8
61 info uninstall grunt-contrib-px2rem@0.2.8
62 verbose unbuild rmStuff grunt-contrib-px2rem@0.2.8 from D:\pelicanWorkspace\grunt_proj\node_modules
63 info postuninstall grunt-contrib-px2rem@0.2.8
64 silly gentlyRm D:\pelicanWorkspace\grunt_proj\node_modules\grunt-contrib-px2rem is being purged from base D:\pelicanWorkspace\grunt_proj
65 verbose gentlyRm don't care about contents; nuking D:\pelicanWorkspace\grunt_proj\node_modules\grunt-contrib-px2rem
66 silly vacuum-fs purging D:\pelicanWorkspace\grunt_proj\node_modules\grunt-contrib-px2rem
67 silly vacuum-fs quitting because other entries in D:\pelicanWorkspace\grunt_proj\node_modules
68 verbose tar unpack C:\Users\Administrator\AppData\Roaming\npm-cache\grunt-contrib-px2rem\0.2.8\package.tgz
69 verbose tar unpacking to D:\pelicanWorkspace\grunt_proj\node_modules\grunt-contrib-px2rem
70 silly gentlyRm D:\pelicanWorkspace\grunt_proj\node_modules\grunt-contrib-px2rem is being purged
71 verbose gentlyRm don't care about contents; nuking D:\pelicanWorkspace\grunt_proj\node_modules\grunt-contrib-px2rem
72 silly gunzTarPerm modes [ '777', '666' ]
73 silly gunzTarPerm extractEntry package.json
74 silly gunzTarPerm extractEntry .npmignore
75 silly gunzTarPerm extractEntry README.md
76 silly gunzTarPerm extractEntry Gruntfile.js
77 silly gunzTarPerm extractEntry input.css
78 silly gunzTarPerm extractEntry .jshintrc
79 silly gunzTarPerm extractEntry dest
80 silly gunzTarPerm extractEntry tasks/px2rem.js
81 silly gunzTarPerm extractEntry output.css
82 silly gunzTarPerm extractEntry LICENSE-MIT
83 silly gunzTarPerm extractEntry src
84 silly gunzTarPerm extractEntry test/px2rem_test.js
85 silly gunzTarPerm extractEntry test/expected/custom_options
86 silly gunzTarPerm extractEntry test/expected/default_options
87 silly gunzTarPerm extractEntry test/fixtures/123
88 silly gunzTarPerm extractEntry test/fixtures/testing
89 verbose write writing to D:\pelicanWorkspace\grunt_proj\node_modules\grunt-contrib-px2rem\package.json
90 info preinstall grunt-contrib-px2rem@0.2.8
91 verbose readDependencies loading dependencies from D:\pelicanWorkspace\grunt_proj\node_modules\grunt-contrib-px2rem\package.json
92 silly prepareForInstallMany adding grunt@~0.4.5 from grunt-contrib-px2rem peerDependencies
93 warn peerDependencies The peer dependency grunt@~0.4.5 included from grunt-contrib-px2rem will no
94 warn peerDependencies longer be automatically installed to fulfill the peerDependency
95 warn peerDependencies in npm 3+. Your application will need to depend on it explicitly.
96 verbose readDependencies loading dependencies from D:\pelicanWorkspace\grunt_proj\node_modules\grunt-contrib-px2rem\package.json
97 silly install resolved []
98 verbose about to build D:\pelicanWorkspace\grunt_proj\node_modules\grunt-contrib-px2rem
99 info build D:\pelicanWorkspace\grunt_proj\node_modules\grunt-contrib-px2rem
100 info linkStuff grunt-contrib-px2rem@0.2.8
101 silly linkStuff grunt-contrib-px2rem@0.2.8 has D:\pelicanWorkspace\grunt_proj\node_modules as its parent node_modules
102 verbose linkBins grunt-contrib-px2rem@0.2.8
103 verbose linkMans grunt-contrib-px2rem@0.2.8
104 verbose rebuildBundles grunt-contrib-px2rem@0.2.8
105 info install grunt-contrib-px2rem@0.2.8
106 info postinstall grunt-contrib-px2rem@0.2.8
107 verbose readDependencies loading dependencies from D:\pelicanWorkspace\grunt_proj\package.json
108 verbose targetResolver reading package data from D:\pelicanWorkspace\grunt_proj\node_modules\grunt\package.json
109 verbose targetResolver reading package data from D:\pelicanWorkspace\grunt_proj\node_modules\grunt-contrib-clean\package.json
110 verbose targetResolver reading package data from D:\pelicanWorkspace\grunt_proj\node_modules\grunt-contrib-compress\package.json
111 verbose targetResolver reading package data from D:\pelicanWorkspace\grunt_proj\node_modules\grunt-contrib-concat\package.json
112 verbose targetResolver reading package data from D:\pelicanWorkspace\grunt_proj\node_modules\grunt-contrib-copy\package.json
113 verbose targetResolver reading package data from D:\pelicanWorkspace\grunt_proj\node_modules\grunt-contrib-cssmin\package.json
114 verbose targetResolver reading package data from D:\pelicanWorkspace\grunt_proj\node_modules\grunt-contrib-imagemin\package.json
115 verbose targetResolver reading package data from D:\pelicanWorkspace\grunt_proj\node_modules\grunt-contrib-jshint\package.json
116 verbose targetResolver reading package data from D:\pelicanWorkspace\grunt_proj\node_modules\grunt-contrib-px2rem\package.json
117 verbose targetResolver reading package data from D:\pelicanWorkspace\grunt_proj\node_modules\grunt-contrib-uglify\package.json
118 verbose targetResolver reading package data from D:\pelicanWorkspace\grunt_proj\node_modules\grunt-contrib-watch\package.json
119 verbose targetResolver reading package data from D:\pelicanWorkspace\grunt_proj\node_modules\.bin\grunt\package.json
120 verbose targetResolver reading package data from D:\pelicanWorkspace\grunt_proj\node_modules\.bin\grunt.cmd\package.json
121 verbose already installed skipping grunt@~0.4.5 D:\pelicanWorkspace\grunt_proj
122 silly install resolved []
123 verbose unlock done using C:\Users\Administrator\AppData\Roaming\npm-cache\_locks\grunt-contrib-px2rem-870a2875542fc4e3.lock for D:\pelicanWorkspace\grunt_proj\node_modules\grunt-contrib-px2rem
124 verbose validateInstall loading D:\pelicanWorkspace\grunt_proj\package.json for validation
125 verbose stack Error: The package grunt@1.0.1 does not satisfy its siblings' peerDependencies requirements!
125 verbose stack     at D:\Tools\nodejs\node_modules\npm\lib\install.js:125:32
125 verbose stack     at D:\Tools\nodejs\node_modules\npm\lib\install.js:268:7
125 verbose stack     at D:\Tools\nodejs\node_modules\npm\node_modules\read-installed\read-installed.js:142:5
125 verbose stack     at D:\Tools\nodejs\node_modules\npm\node_modules\read-installed\read-installed.js:263:14
125 verbose stack     at cb (D:\Tools\nodejs\node_modules\npm\node_modules\slide\lib\async-map.js:47:24)
125 verbose stack     at D:\Tools\nodejs\node_modules\npm\node_modules\read-installed\read-installed.js:263:14
125 verbose stack     at cb (D:\Tools\nodejs\node_modules\npm\node_modules\slide\lib\async-map.js:47:24)
125 verbose stack     at D:\Tools\nodejs\node_modules\npm\node_modules\read-installed\read-installed.js:263:14
125 verbose stack     at cb (D:\Tools\nodejs\node_modules\npm\node_modules\slide\lib\async-map.js:47:24)
125 verbose stack     at D:\Tools\nodejs\node_modules\npm\node_modules\read-installed\read-installed.js:263:14
126 verbose cwd D:\pelicanWorkspace\grunt_proj
127 error Windows_NT 6.1.7601
128 error argv "D:\\Tools\\nodejs\\node.exe" "D:\\Tools\\nodejs\\node_modules\\npm\\bin\\npm-cli.js" "install" "grunt-contrib-px2rem" "--save-dev"
129 error node v4.2.3
130 error npm  v2.14.7
131 error code EPEERINVALID
132 error peerinvalid The package grunt@1.0.1 does not satisfy its siblings' peerDependencies requirements!
132 error peerinvalid Peer grunt-contrib-px2rem@0.2.8 wants grunt@~0.4.5
132 error peerinvalid Peer grunt-contrib-concat@1.0.1 wants grunt@>=0.4.0
132 error peerinvalid Peer grunt-contrib-clean@1.0.0 wants grunt@>= 0.4.5
132 error peerinvalid Peer grunt-contrib-jshint@1.0.0 wants grunt@>=0.4.0
133 verbose exit [ 1, true ]
